<?xml version="1.0" encoding="UTF-8"?>
<testng-results ignored="0" total="1" passed="0" failed="1" skipped="0">
  <reporter-output>
  </reporter-output>
  <suite started-at="2026-06-29T00:10:07 IST" name="Default suite" finished-at="2026-06-29T00:11:07 IST" duration-ms="59859">
    <groups>
      <group name="rbac">
        <method signature="EvaluatorSmokeSuiteTest.tc003AdminLoginWithValidCredentials()[pri:0, instance:tests.smoke.EvaluatorSmokeSuiteTest@1bb5a082]" name="tc003AdminLoginWithValidCredentials" class="tests.smoke.EvaluatorSmokeSuiteTest"/>
      </group> <!-- rbac -->
      <group name="smoke">
        <method signature="EvaluatorSmokeSuiteTest.tc003AdminLoginWithValidCredentials()[pri:0, instance:tests.smoke.EvaluatorSmokeSuiteTest@1bb5a082]" name="tc003AdminLoginWithValidCredentials" class="tests.smoke.EvaluatorSmokeSuiteTest"/>
      </group> <!-- smoke -->
      <group name="sanity">
        <method signature="EvaluatorSmokeSuiteTest.tc003AdminLoginWithValidCredentials()[pri:0, instance:tests.smoke.EvaluatorSmokeSuiteTest@1bb5a082]" name="tc003AdminLoginWithValidCredentials" class="tests.smoke.EvaluatorSmokeSuiteTest"/>
      </group> <!-- sanity -->
    </groups>
    <test started-at="2026-06-29T00:10:07 IST" name="Default test" finished-at="2026-06-29T00:11:07 IST" duration-ms="59859">
      <class name="tests.smoke.EvaluatorSmokeSuiteTest">
        <test-method is-config="true" signature="setUp()[pri:0, instance:tests.smoke.EvaluatorSmokeSuiteTest@1bb5a082]" started-at="2026-06-29T00:10:07 IST" name="setUp" finished-at="2026-06-29T00:10:20 IST" duration-ms="12880" status="PASS">
          <reporter-output>
          </reporter-output>
        </test-method> <!-- setUp -->
        <test-method signature="tc003AdminLoginWithValidCredentials()[pri:0, instance:tests.smoke.EvaluatorSmokeSuiteTest@1bb5a082]" started-at="2026-06-29T00:10:20 IST" name="tc003AdminLoginWithValidCredentials" description="TC-003 Verify admin login with valid credentials" finished-at="2026-06-29T00:10:37 IST" duration-ms="16697" status="FAIL">
          <exception class="org.openqa.selenium.TimeoutException">
            <message>
              <![CDATA[Expected condition failed: waiting for visibility of element located by By.id: login-page (tried for 10 second(s) with 500 milliseconds interval)
Build info: version: '4.23.1', revision: '656257d8e9'
System info: os.name: 'Windows 11', os.arch: 'amd64', os.version: '10.0', java.version: '21.0.10'
Driver info: org.openqa.selenium.chrome.ChromeDriver
Capabilities {acceptInsecureCerts: false, browserName: chrome, browserVersion: 149.0.7827.103, chrome: {chromedriverVersion: 149.0.7827.155 (07b52360cc1..., userDataDir: C:\Users\2492171\AppData\Lo...}, fedcm:accounts: true, goog:chromeOptions: {debuggerAddress: localhost:54442}, goog:processID: 26680, networkConnectionEnabled: false, pageLoadStrategy: normal, platformName: windows, proxy: Proxy(), se:cdp: ws://localhost:54442/devtoo..., se:cdpVersion: 149.0.7827.103, setWindowRect: true, strictFileInteractability: false, timeouts: {implicit: 0, pageLoad: 300000, script: 30000}, unhandledPromptBehavior: dismiss and notify, webauthn:extension:credBlob: true, webauthn:extension:largeBlob: true, webauthn:extension:minPinLength: true, webauthn:extension:prf: true, webauthn:virtualAuthenticators: true}
Session ID: bdb29d3003e976a2d408086ace5286d1]]>
            </message>
            <full-stacktrace>
              <![CDATA[org.openqa.selenium.TimeoutException: Expected condition failed: waiting for visibility of element located by By.id: login-page (tried for 10 second(s) with 500 milliseconds interval)
Build info: version: '4.23.1', revision: '656257d8e9'
System info: os.name: 'Windows 11', os.arch: 'amd64', os.version: '10.0', java.version: '21.0.10'
Driver info: org.openqa.selenium.chrome.ChromeDriver
Capabilities {acceptInsecureCerts: false, browserName: chrome, browserVersion: 149.0.7827.103, chrome: {chromedriverVersion: 149.0.7827.155 (07b52360cc1..., userDataDir: C:\Users\2492171\AppData\Lo...}, fedcm:accounts: true, goog:chromeOptions: {debuggerAddress: localhost:54442}, goog:processID: 26680, networkConnectionEnabled: false, pageLoadStrategy: normal, platformName: windows, proxy: Proxy(), se:cdp: ws://localhost:54442/devtoo..., se:cdpVersion: 149.0.7827.103, setWindowRect: true, strictFileInteractability: false, timeouts: {implicit: 0, pageLoad: 300000, script: 30000}, unhandledPromptBehavior: dismiss and notify, webauthn:extension:credBlob: true, webauthn:extension:largeBlob: true, webauthn:extension:minPinLength: true, webauthn:extension:prf: true, webauthn:virtualAuthenticators: true}
Session ID: bdb29d3003e976a2d408086ace5286d1
at org.openqa.selenium.support.ui.WebDriverWait.timeoutException(WebDriverWait.java:84)
at org.openqa.selenium.support.ui.FluentWait.until(FluentWait.java:228)
at pages.BasePage.visible(BasePage.java:27)
at pages.LoginPage.open(LoginPage.java:21)
at tests.smoke.EvaluatorSmokeSuiteTest.tc003AdminLoginWithValidCredentials(EvaluatorSmokeSuiteTest.java:50)
at java.base/jdk.internal.reflect.DirectMethodHandleAccessor.invoke(DirectMethodHandleAccessor.java:103)
at java.base/java.lang.reflect.Method.invoke(Method.java:580)
at org.testng.internal.invokers.MethodInvocationHelper.invokeMethod(MethodInvocationHelper.java:141)
at org.testng.internal.invokers.TestInvoker.invokeMethod(TestInvoker.java:686)
at org.testng.internal.invokers.TestInvoker.invokeTestMethod(TestInvoker.java:230)
at org.testng.internal.invokers.MethodRunner.runInSequence(MethodRunner.java:63)
at org.testng.internal.invokers.TestInvoker$MethodInvocationAgent.invoke(TestInvoker.java:992)
at org.testng.internal.invokers.TestInvoker.invokeTestMethods(TestInvoker.java:203)
at org.testng.internal.invokers.TestMethodWorker.invokeTestMethods(TestMethodWorker.java:154)
at org.testng.internal.invokers.TestMethodWorker.run(TestMethodWorker.java:134)
at java.base/java.util.ArrayList.forEach(ArrayList.java:1596)
at org.testng.TestRunner.privateRun(TestRunner.java:739)
at org.testng.TestRunner.run(TestRunner.java:614)
at org.testng.SuiteRunner.runTest(SuiteRunner.java:421)
at org.testng.SuiteRunner.runSequentially(SuiteRunner.java:413)
at org.testng.SuiteRunner.privateRun(SuiteRunner.java:373)
at org.testng.SuiteRunner.run(SuiteRunner.java:312)
at org.testng.SuiteRunnerWorker.runSuite(SuiteRunnerWorker.java:52)
at org.testng.SuiteRunnerWorker.run(SuiteRunnerWorker.java:95)
at org.testng.TestNG.runSuitesSequentially(TestNG.java:1274)
at org.testng.TestNG.runSuitesLocally(TestNG.java:1208)
at org.testng.TestNG.runSuites(TestNG.java:1112)
at org.testng.TestNG.run(TestNG.java:1079)
at org.testng.remote.AbstractRemoteTestNG.run(AbstractRemoteTestNG.java:115)
at org.testng.remote.RemoteTestNG.initAndRun(RemoteTestNG.java:293)
at org.testng.remote.RemoteTestNG.main(RemoteTestNG.java:91)
]]>
            </full-stacktrace>
          </exception> <!-- org.openqa.selenium.TimeoutException -->
          <reporter-output>
          </reporter-output>
        </test-method> <!-- tc003AdminLoginWithValidCredentials -->
        <test-method is-config="true" signature="tearDown()[pri:0, instance:tests.smoke.EvaluatorSmokeSuiteTest@1bb5a082]" started-at="2026-06-29T00:10:37 IST" name="tearDown" finished-at="2026-06-29T00:11:07 IST" duration-ms="30158" status="PASS">
          <reporter-output>
          </reporter-output>
        </test-method> <!-- tearDown -->
      </class> <!-- tests.smoke.EvaluatorSmokeSuiteTest -->
    </test> <!-- Default test -->
  </suite> <!-- Default suite -->
</testng-results>
