<?xml version="1.0" encoding="UTF-8"?>
<!-- Generated by org.testng.reporters.JUnitXMLReporter -->
<testsuite ignored="49" hostname="LTIN732928" failures="0" tests="2" name="End-to-End Tests" time="0.751" errors="0" timestamp="2026-06-28T23:42:27 IST">
  <testcase classname="base.BaseTest" name="@BeforeMethod setUp" time="0.59">
    <skipped/>
  </testcase> <!-- @BeforeMethod setUp -->
  <testcase classname="base.BaseTest" name="@BeforeMethod setUp" time="0.005">
    <skipped/>
  </testcase> <!-- @BeforeMethod setUp -->
  <testcase classname="tests.e2e.OrderFulfillmentE2ETest" name="tc075EndToEndAcceptFlow" time="0.0">
    <skipped/>
  </testcase> <!-- tc075EndToEndAcceptFlow -->
  <testcase classname="tests.e2e.OrderFulfillmentE2ETest" name="tc076EndToEndDeclineAndRefundFlow" time="0.001">
    <skipped/>
  </testcase> <!-- tc076EndToEndDeclineAndRefundFlow -->
  <testcase classname="tests.defect.AdminWalletVendorDefectRetest" name="tc059DashboardCsvControlsVisibleAndEnabled" time="0.0">
    <ignored/>
  </testcase> <!-- tc059DashboardCsvControlsVisibleAndEnabled -->
  <testcase classname="tests.defect.OrderingCutoffStockDefectRetest" name="tc062CutoffStatusAfterCutoffPassed" time="0.0">
    <ignored/>
  </testcase> <!-- tc062CutoffStatusAfterCutoffPassed -->
  <testcase classname="tests.defect.AdminWalletVendorDefectRetest" name="tc098AdminVendorCreatedTimestampUsesLocalTime" time="0.0">
    <ignored/>
  </testcase> <!-- tc098AdminVendorCreatedTimestampUsesLocalTime -->
  <testcase classname="tests.defect.AuthRbacDefectRetest" name="tc078VendorCannotBrowseEmployeeMenuRoute" time="0.0">
    <ignored/>
  </testcase> <!-- tc078VendorCannotBrowseEmployeeMenuRoute -->
  <testcase classname="tests.defect.AdminWalletVendorDefectRetest" name="tc099AdminCanDeleteDummyVendor" time="0.0">
    <ignored/>
  </testcase> <!-- tc099AdminCanDeleteDummyVendor -->
  <testcase classname="tests.smoke.EvaluatorSmokeSuiteTest" name="tc012EmployeeMenuLoadsAvailableItems" time="0.0">
    <ignored/>
  </testcase> <!-- tc012EmployeeMenuLoadsAvailableItems -->
  <testcase classname="tests.smoke.EvaluatorSmokeSuiteTest" name="tc003AdminLoginWithValidCredentials" time="0.0">
    <ignored/>
  </testcase> <!-- tc003AdminLoginWithValidCredentials -->
  <testcase classname="tests.smoke.EvaluatorSmokeSuiteTest" name="tc057AdminDashboardSummaryCardsVisible" time="0.0">
    <ignored/>
  </testcase> <!-- tc057AdminDashboardSummaryCardsVisible -->
  <testcase classname="tests.framework.FrameworkConfigTest" name="verifyConfigLoads" time="0.0">
    <ignored/>
  </testcase> <!-- verifyConfigLoads -->
  <testcase classname="tests.smoke.EvaluatorSmokeSuiteTest" name="tc047VendorAcceptsPendingOrder" time="0.0">
    <ignored/>
  </testcase> <!-- tc047VendorAcceptsPendingOrder -->
  <testcase classname="tests.smoke.EvaluatorSmokeSuiteTest" name="tc072ProfileDisplaysCurrentUserDetails" time="0.0">
    <ignored/>
  </testcase> <!-- tc072ProfileDisplaysCurrentUserDetails -->
  <testcase classname="tests.defect.AuthRbacDefectRetest" name="tc090PublicRegistrationDoesNotAllowAdminRole" time="0.0">
    <ignored/>
  </testcase> <!-- tc090PublicRegistrationDoesNotAllowAdminRole -->
  <testcase classname="tests.defect.VendorMenuDefectRetest" name="tc083VendorMenuItemStockZeroValidation" time="0.0">
    <ignored/>
  </testcase> <!-- tc083VendorMenuItemStockZeroValidation -->
  <testcase classname="tests.defect.OrderingCutoffStockDefectRetest" name="tc095OverStockCheckoutErrorVisibleInCardsFlow" time="0.0">
    <ignored/>
  </testcase> <!-- tc095OverStockCheckoutErrorVisibleInCardsFlow -->
  <testcase classname="tests.smoke.EvaluatorSmokeSuiteTest" name="tc064AdminVendorListLoads" time="0.0">
    <ignored/>
  </testcase> <!-- tc064AdminVendorListLoads -->
  <testcase classname="tests.defect.VendorMenuDefectRetest" name="tc085VendorDoesNotSeeUnusableDeleteAction" time="0.0">
    <ignored/>
  </testcase> <!-- tc085VendorDoesNotSeeUnusableDeleteAction -->
  <testcase classname="tests.defect.VendorMenuDefectRetest" name="tc081VendorQueueRouteImplemented" time="0.0">
    <ignored/>
  </testcase> <!-- tc081VendorQueueRouteImplemented -->
  <testcase classname="tests.defect.VendorMenuDefectRetest" name="tc087AdminMenuShowsVendorItems" time="0.0">
    <ignored/>
  </testcase> <!-- tc087AdminMenuShowsVendorItems -->
  <testcase classname="tests.defect.QrDefectRetest" name="tc096PickupQrPageHasBackNavigation" time="0.0">
    <ignored/>
  </testcase> <!-- tc096PickupQrPageHasBackNavigation -->
  <testcase classname="tests.smoke.LoginPageSmokeTest" name="verifyLoginPageOpens" time="0.0">
    <ignored/>
  </testcase> <!-- verifyLoginPageOpens -->
  <testcase classname="tests.smoke.EvaluatorSmokeSuiteTest" name="tc031WalletMetadataAndHistoryVisible" time="0.0">
    <ignored/>
  </testcase> <!-- tc031WalletMetadataAndHistoryVisible -->
  <testcase classname="tests.defect.QrDefectRetest" name="tc044ScannerStartGivesFeedback" time="0.0">
    <ignored/>
  </testcase> <!-- tc044ScannerStartGivesFeedback -->
  <testcase classname="tests.defect.VendorMenuDefectRetest" name="tc089AdminCanDeleteMenuItem" time="0.0">
    <ignored/>
  </testcase> <!-- tc089AdminCanDeleteMenuItem -->
  <testcase classname="tests.smoke.EvaluatorSmokeSuiteTest" name="tc073LogoutReturnsToLogin" time="0.0">
    <ignored/>
  </testcase> <!-- tc073LogoutReturnsToLogin -->
  <testcase classname="tests.defect.OrderingCutoffStockDefectRetest" name="tc030CutoffBlocksOrderAfterCutoff" time="0.0">
    <ignored/>
  </testcase> <!-- tc030CutoffBlocksOrderAfterCutoff -->
  <testcase classname="tests.smoke.EvaluatorSmokeSuiteTest" name="tc001EmployeeLoginWithValidCredentials" time="0.0">
    <ignored/>
  </testcase> <!-- tc001EmployeeLoginWithValidCredentials -->
  <testcase classname="tests.smoke.EvaluatorSmokeSuiteTest" name="tc060AdminCanCloseOrderingWindow" time="0.0">
    <ignored/>
  </testcase> <!-- tc060AdminCanCloseOrderingWindow -->
  <testcase classname="tests.defect.OrderingCutoffStockDefectRetest" name="tc063CutoffUpdateValidation" time="0.0">
    <ignored/>
  </testcase> <!-- tc063CutoffUpdateValidation -->
  <testcase classname="tests.defect.VendorMenuDefectRetest" name="tc088AdminEditMenuSaveDoesNotLogout" time="0.0">
    <ignored/>
  </testcase> <!-- tc088AdminEditMenuSaveDoesNotLogout -->
  <testcase classname="tests.defect.AuthRbacDefectRetest" name="tc080LogoutAvailableFromWalletShell" time="0.0">
    <ignored/>
  </testcase> <!-- tc080LogoutAvailableFromWalletShell -->
  <testcase classname="tests.defect.AuthRbacDefectRetest" name="tc069NonEmployeeUsersBlockedFromEmployeeOnlyPages" time="0.0">
    <ignored/>
  </testcase> <!-- tc069NonEmployeeUsersBlockedFromEmployeeOnlyPages -->
  <testcase classname="tests.smoke.EvaluatorSmokeSuiteTest" name="tc045VendorQueueShowsAssignedOrder" time="0.0">
    <ignored/>
  </testcase> <!-- tc045VendorQueueShowsAssignedOrder -->
  <testcase classname="tests.smoke.EvaluatorSmokeSuiteTest" name="tc016AvailableItemCanBeAddedToCart" time="0.0">
    <ignored/>
  </testcase> <!-- tc016AvailableItemCanBeAddedToCart -->
  <testcase classname="tests.smoke.EvaluatorSmokeSuiteTest" name="tc067UnauthenticatedProtectedRoutesRedirectToLogin" time="0.0">
    <ignored/>
  </testcase> <!-- tc067UnauthenticatedProtectedRoutesRedirectToLogin -->
  <testcase classname="tests.defect.OrderingCutoffStockDefectRetest" name="tc093EmployeeOrderBlockedWhenAdminClosesWindow" time="0.0">
    <ignored/>
  </testcase> <!-- tc093EmployeeOrderBlockedWhenAdminClosesWindow -->
  <testcase classname="tests.defect.AdminWalletVendorDefectRetest" name="tc092WalletTimestampUsesLocalApplicationTime" time="0.0">
    <ignored/>
  </testcase> <!-- tc092WalletTimestampUsesLocalApplicationTime -->
  <testcase classname="tests.defect.AuthRbacDefectRetest" name="tc077AuthenticatedEmployeeCannotSeePublicLogin" time="0.0">
    <ignored/>
  </testcase> <!-- tc077AuthenticatedEmployeeCannotSeePublicLogin -->
  <testcase classname="tests.defect.VendorMenuDefectRetest" name="tc053VendorItemFormDoesNotShowRequiredValidationImmediately" time="0.0">
    <ignored/>
  </testcase> <!-- tc053VendorItemFormDoesNotShowRequiredValidationImmediately -->
  <testcase classname="tests.defect.VendorMenuDefectRetest" name="tc086AdminMenuDropdownControlsVisible" time="0.0">
    <ignored/>
  </testcase> <!-- tc086AdminMenuDropdownControlsVisible -->
  <testcase classname="tests.defect.AdminWalletVendorDefectRetest" name="tc097AdminVendorPhoneRejectsInvalidValue" time="0.0">
    <ignored/>
  </testcase> <!-- tc097AdminVendorPhoneRejectsInvalidValue -->
  <testcase classname="tests.defect.QrDefectRetest" name="tc042QrUploadControlsAndReadiness" time="0.0">
    <ignored/>
  </testcase> <!-- tc042QrUploadControlsAndReadiness -->
  <testcase classname="tests.smoke.EvaluatorSmokeSuiteTest" name="tc028SuccessfulOrderPlacement" time="0.0">
    <ignored/>
  </testcase> <!-- tc028SuccessfulOrderPlacement -->
  <testcase classname="tests.defect.AdminWalletVendorDefectRetest" name="tc091WalletTopUpUpperBoundary" time="0.0">
    <ignored/>
  </testcase> <!-- tc091WalletTopUpUpperBoundary -->
  <testcase classname="tests.defect.AdminWalletVendorDefectRetest" name="tc065AdminVendorCreationIncludesLoginCredentialSetup" time="0.0">
    <ignored/>
  </testcase> <!-- tc065AdminVendorCreationIncludesLoginCredentialSetup -->
  <testcase classname="tests.defect.AuthRbacDefectRetest" name="tc079VendorOrdersBackDoesNotExposeEmployeeMenu" time="0.0">
    <ignored/>
  </testcase> <!-- tc079VendorOrdersBackDoesNotExposeEmployeeMenu -->
  <testcase classname="tests.defect.OrderingCutoffStockDefectRetest" name="tc094CartPreventsQuantityHigherThanStock" time="0.0">
    <ignored/>
  </testcase> <!-- tc094CartPreventsQuantityHigherThanStock -->
  <testcase classname="tests.smoke.EvaluatorSmokeSuiteTest" name="tc002VendorLoginWithValidCredentials" time="0.0">
    <ignored/>
  </testcase> <!-- tc002VendorLoginWithValidCredentials -->
  <testcase classname="tests.defect.VendorMenuDefectRetest" name="tc082VendorCannotCreateDuplicateItemName" time="0.0">
    <ignored/>
  </testcase> <!-- tc082VendorCannotCreateDuplicateItemName -->
  <testcase classname="tests.defect.VendorMenuDefectRetest" name="tc084TogglingZeroStockItemDoesNotLogoutVendor" time="0.0">
    <ignored/>
  </testcase> <!-- tc084TogglingZeroStockItemDoesNotLogoutVendor -->
</testsuite> <!-- End-to-End Tests -->
