<?xml version="1.0" encoding="UTF-8"?>
<!-- Generated by org.testng.reporters.JUnitXMLReporter -->
<testsuite ignored="14" hostname="LTIN732928" failures="1" tests="1" name="Default test" time="59.859" errors="0" timestamp="2026-06-29T00:11:07 IST">
  <testcase classname="tests.smoke.EvaluatorSmokeSuiteTest" name="tc003AdminLoginWithValidCredentials" time="16.697">
    <failure type="org.openqa.selenium.TimeoutException" message="Expected condition failed: waiting for visibility of element located by By.id: login-page (tried for 10 second(s) with 500 milliseconds interval)
Build info: version: &amp;apos;4.23.1&amp;apos;, revision: &amp;apos;656257d8e9&amp;apos;
System info: os.name: &amp;apos;Windows 11&amp;apos;, os.arch: &amp;apos;amd64&amp;apos;, os.version: &amp;apos;10.0&amp;apos;, java.version: &amp;apos;21.0.10&amp;apos;
Driver info: org.openqa.selenium.chrome.ChromeDriver
Capabilities {acceptInsecureCerts: false, browserName: chrome, browserVersion: 149.0.7827.103, chrome: {chromedriverVersion: 149.0.7827.155 (07b52360cc1..., userDataDir: C:\Users\2492171\AppData\Lo...}, fedcm:accounts: true, goog:chromeOptions: {debuggerAddress: localhost:54442}, goog:processID: 26680, networkConnectionEnabled: false, pageLoadStrategy: normal, platformName: windows, proxy: Proxy(), se:cdp: ws://localhost:54442/devtoo..., se:cdpVersion: 149.0.7827.103, setWindowRect: true, strictFileInteractability: false, timeouts: {implicit: 0, pageLoad: 300000, script: 30000}, unhandledPromptBehavior: dismiss and notify, webauthn:extension:credBlob: true, webauthn:extension:largeBlob: true, webauthn:extension:minPinLength: true, webauthn:extension:prf: true, webauthn:virtualAuthenticators: true}
Session ID: bdb29d3003e976a2d408086ace5286d1">
      <![CDATA[org.openqa.selenium.TimeoutException: Expected condition failed: waiting for visibility of element located by By.id: login-page (tried for 10 second(s) with 500 milliseconds interval)
Build info: version: '4.23.1', revision: '656257d8e9'
System info: os.name: 'Windows 11', os.arch: 'amd64', os.version: '10.0', java.version: '21.0.10'
Driver info: org.openqa.selenium.chrome.ChromeDriver
Capabilities {acceptInsecureCerts: false, browserName: chrome, browserVersion: 149.0.7827.103, chrome: {chromedriverVersion: 149.0.7827.155 (07b52360cc1..., userDataDir: C:\Users\2492171\AppData\Lo...}, fedcm:accounts: true, goog:chromeOptions: {debuggerAddress: localhost:54442}, goog:processID: 26680, networkConnectionEnabled: false, pageLoadStrategy: normal, platformName: windows, proxy: Proxy(), se:cdp: ws://localhost:54442/devtoo..., se:cdpVersion: 149.0.7827.103, setWindowRect: true, strictFileInteractability: false, timeouts: {implicit: 0, pageLoad: 300000, script: 30000}, unhandledPromptBehavior: dismiss and notify, webauthn:extension:credBlob: true, webauthn:extension:largeBlob: true, webauthn:extension:minPinLength: true, webauthn:extension:prf: true, webauthn:virtualAuthenticators: true}
Session ID: bdb29d3003e976a2d408086ace5286d1
at org.openqa.selenium.support.ui.WebDriverWait.timeoutException(WebDriverWait.java:84)
at org.openqa.selenium.support.ui.FluentWait.until(FluentWait.java:228)
at pages.BasePage.visible(BasePage.java:27)
at pages.LoginPage.open(LoginPage.java:21)
at tests.smoke.EvaluatorSmokeSuiteTest.tc003AdminLoginWithValidCredentials(EvaluatorSmokeSuiteTest.java:50)
at java.base/jdk.internal.reflect.DirectMethodHandleAccessor.invoke(DirectMethodHandleAccessor.java:103)
at java.base/java.lang.reflect.Method.invoke(Method.java:580)
at org.testng.internal.invokers.MethodInvocationHelper.invokeMethod(MethodInvocationHelper.java:141)
at org.testng.internal.invokers.TestInvoker.invokeMethod(TestInvoker.java:686)
at org.testng.internal.invokers.TestInvoker.invokeTestMethod(TestInvoker.java:230)
at org.testng.internal.invokers.MethodRunner.runInSequence(MethodRunner.java:63)
at org.testng.internal.invokers.TestInvoker$MethodInvocationAgent.invoke(TestInvoker.java:992)
at org.testng.internal.invokers.TestInvoker.invokeTestMethods(TestInvoker.java:203)
at org.testng.internal.invokers.TestMethodWorker.invokeTestMethods(TestMethodWorker.java:154)
at org.testng.internal.invokers.TestMethodWorker.run(TestMethodWorker.java:134)
at java.base/java.util.ArrayList.forEach(ArrayList.java:1596)
at org.testng.TestRunner.privateRun(TestRunner.java:739)
at org.testng.TestRunner.run(TestRunner.java:614)
at org.testng.SuiteRunner.runTest(SuiteRunner.java:421)
at org.testng.SuiteRunner.runSequentially(SuiteRunner.java:413)
at org.testng.SuiteRunner.privateRun(SuiteRunner.java:373)
at org.testng.SuiteRunner.run(SuiteRunner.java:312)
at org.testng.SuiteRunnerWorker.runSuite(SuiteRunnerWorker.java:52)
at org.testng.SuiteRunnerWorker.run(SuiteRunnerWorker.java:95)
at org.testng.TestNG.runSuitesSequentially(TestNG.java:1274)
at org.testng.TestNG.runSuitesLocally(TestNG.java:1208)
at org.testng.TestNG.runSuites(TestNG.java:1112)
at org.testng.TestNG.run(TestNG.java:1079)
at org.testng.remote.AbstractRemoteTestNG.run(AbstractRemoteTestNG.java:115)
at org.testng.remote.RemoteTestNG.initAndRun(RemoteTestNG.java:293)
at org.testng.remote.RemoteTestNG.main(RemoteTestNG.java:91)
]]>
    </failure>
  </testcase> <!-- tc003AdminLoginWithValidCredentials -->
  <testcase classname="tests.smoke.EvaluatorSmokeSuiteTest" name="tc031WalletMetadataAndHistoryVisible" time="0.0">
    <ignored/>
  </testcase> <!-- tc031WalletMetadataAndHistoryVisible -->
  <testcase classname="tests.smoke.EvaluatorSmokeSuiteTest" name="tc064AdminVendorListLoads" time="0.0">
    <ignored/>
  </testcase> <!-- tc064AdminVendorListLoads -->
  <testcase classname="tests.smoke.EvaluatorSmokeSuiteTest" name="tc060AdminCanCloseOrderingWindow" time="0.0">
    <ignored/>
  </testcase> <!-- tc060AdminCanCloseOrderingWindow -->
  <testcase classname="tests.smoke.EvaluatorSmokeSuiteTest" name="tc057AdminDashboardSummaryCardsVisible" time="0.0">
    <ignored/>
  </testcase> <!-- tc057AdminDashboardSummaryCardsVisible -->
  <testcase classname="tests.smoke.EvaluatorSmokeSuiteTest" name="tc002VendorLoginWithValidCredentials" time="0.0">
    <ignored/>
  </testcase> <!-- tc002VendorLoginWithValidCredentials -->
  <testcase classname="tests.smoke.EvaluatorSmokeSuiteTest" name="tc045VendorQueueShowsAssignedOrder" time="0.0">
    <ignored/>
  </testcase> <!-- tc045VendorQueueShowsAssignedOrder -->
  <testcase classname="tests.smoke.EvaluatorSmokeSuiteTest" name="tc047VendorAcceptsPendingOrder" time="0.0">
    <ignored/>
  </testcase> <!-- tc047VendorAcceptsPendingOrder -->
  <testcase classname="tests.smoke.EvaluatorSmokeSuiteTest" name="tc001EmployeeLoginWithValidCredentials" time="0.0">
    <ignored/>
  </testcase> <!-- tc001EmployeeLoginWithValidCredentials -->
  <testcase classname="tests.smoke.EvaluatorSmokeSuiteTest" name="tc072ProfileDisplaysCurrentUserDetails" time="0.0">
    <ignored/>
  </testcase> <!-- tc072ProfileDisplaysCurrentUserDetails -->
  <testcase classname="tests.smoke.EvaluatorSmokeSuiteTest" name="tc012EmployeeMenuLoadsAvailableItems" time="0.0">
    <ignored/>
  </testcase> <!-- tc012EmployeeMenuLoadsAvailableItems -->
  <testcase classname="tests.smoke.EvaluatorSmokeSuiteTest" name="tc073LogoutReturnsToLogin" time="0.0">
    <ignored/>
  </testcase> <!-- tc073LogoutReturnsToLogin -->
  <testcase classname="tests.smoke.EvaluatorSmokeSuiteTest" name="tc028SuccessfulOrderPlacement" time="0.0">
    <ignored/>
  </testcase> <!-- tc028SuccessfulOrderPlacement -->
  <testcase classname="tests.smoke.EvaluatorSmokeSuiteTest" name="tc016AvailableItemCanBeAddedToCart" time="0.0">
    <ignored/>
  </testcase> <!-- tc016AvailableItemCanBeAddedToCart -->
  <testcase classname="tests.smoke.EvaluatorSmokeSuiteTest" name="tc067UnauthenticatedProtectedRoutesRedirectToLogin" time="0.0">
    <ignored/>
  </testcase> <!-- tc067UnauthenticatedProtectedRoutesRedirectToLogin -->
</testsuite> <!-- Default test -->
