<?xml version="1.0" encoding="UTF-8"?>
<!-- Generated by org.testng.reporters.JUnitReportReporter -->
<testsuite hostname="LTIN732928" failures="0" tests="1" name="tests.defect.AdminWalletVendorDefectRetest" time="0.003" errors="0" timestamp="2026-06-28T23:43:43 IST" skipped="1">
  <testcase classname="tests.defect.AdminWalletVendorDefectRetest" name="tc059DashboardCsvControlsVisibleAndEnabled" time="0.003">
    <skipped/>
  </testcase> <!-- tc059DashboardCsvControlsVisibleAndEnabled -->
</testsuite> <!-- tests.defect.AdminWalletVendorDefectRetest -->
