<?xml version="1.0" encoding="UTF-8"?>
<!-- Generated by org.testng.reporters.JUnitReportReporter -->
<testsuite hostname="LTIN732928" failures="0" tests="10" name="tests.defect.VendorMenuDefectRetest" time="0.002" errors="0" timestamp="2026-06-28T23:40:56 IST" skipped="10">
  <testcase classname="tests.defect.VendorMenuDefectRetest" name="tc084TogglingZeroStockItemDoesNotLogoutVendor" time="0.000">
    <skipped/>
  </testcase> <!-- tc084TogglingZeroStockItemDoesNotLogoutVendor -->
  <testcase classname="tests.defect.VendorMenuDefectRetest" name="tc087AdminMenuShowsVendorItems" time="0.000">
    <skipped/>
  </testcase> <!-- tc087AdminMenuShowsVendorItems -->
  <testcase classname="tests.defect.VendorMenuDefectRetest" name="tc088AdminEditMenuSaveDoesNotLogout" time="0.000">
    <skipped/>
  </testcase> <!-- tc088AdminEditMenuSaveDoesNotLogout -->
  <testcase classname="tests.defect.VendorMenuDefectRetest" name="tc081VendorQueueRouteImplemented" time="0.001">
    <skipped/>
  </testcase> <!-- tc081VendorQueueRouteImplemented -->
  <testcase classname="tests.defect.VendorMenuDefectRetest" name="tc053VendorItemFormDoesNotShowRequiredValidationImmediately" time="0.000">
    <skipped/>
  </testcase> <!-- tc053VendorItemFormDoesNotShowRequiredValidationImmediately -->
  <testcase classname="tests.defect.VendorMenuDefectRetest" name="tc089AdminCanDeleteMenuItem" time="0.000">
    <skipped/>
  </testcase> <!-- tc089AdminCanDeleteMenuItem -->
  <testcase classname="tests.defect.VendorMenuDefectRetest" name="tc086AdminMenuDropdownControlsVisible" time="0.000">
    <skipped/>
  </testcase> <!-- tc086AdminMenuDropdownControlsVisible -->
  <testcase classname="tests.defect.VendorMenuDefectRetest" name="tc085VendorDoesNotSeeUnusableDeleteAction" time="0.001">
    <skipped/>
  </testcase> <!-- tc085VendorDoesNotSeeUnusableDeleteAction -->
  <testcase classname="tests.defect.VendorMenuDefectRetest" name="tc082VendorCannotCreateDuplicateItemName" time="0.000">
    <skipped/>
  </testcase> <!-- tc082VendorCannotCreateDuplicateItemName -->
  <testcase classname="tests.defect.VendorMenuDefectRetest" name="tc083VendorMenuItemStockZeroValidation" time="0.000">
    <skipped/>
  </testcase> <!-- tc083VendorMenuItemStockZeroValidation -->
</testsuite> <!-- tests.defect.VendorMenuDefectRetest -->
