<?xml version="1.0" encoding="UTF-8"?>
<!-- Generated by org.testng.reporters.JUnitReportReporter -->
<testsuite hostname="LTIN732928" failures="0" tests="3" name="tests.defect.QrDefectRetest" time="0.002" errors="0" timestamp="2026-06-28T23:40:56 IST" skipped="3">
  <testcase classname="tests.defect.QrDefectRetest" name="tc042QrUploadControlsAndReadiness" time="0.001">
    <skipped/>
  </testcase> <!-- tc042QrUploadControlsAndReadiness -->
  <testcase classname="tests.defect.QrDefectRetest" name="tc044ScannerStartGivesFeedback" time="0.001">
    <skipped/>
  </testcase> <!-- tc044ScannerStartGivesFeedback -->
  <testcase classname="tests.defect.QrDefectRetest" name="tc096PickupQrPageHasBackNavigation" time="0.000">
    <skipped/>
  </testcase> <!-- tc096PickupQrPageHasBackNavigation -->
</testsuite> <!-- tests.defect.QrDefectRetest -->
