<?xml version="1.0" encoding="UTF-8"?>
<!-- Generated by org.testng.reporters.JUnitReportReporter -->
<testsuite hostname="LTIN732928" failures="0" tests="6" name="tests.defect.OrderingCutoffStockDefectRetest" time="0.913" errors="0" timestamp="2026-06-28T23:40:56 IST" skipped="6">
  <testcase classname="tests.defect.OrderingCutoffStockDefectRetest" name="tc063CutoffUpdateValidation" time="0.034">
    <skipped/>
  </testcase> <!-- tc063CutoffUpdateValidation -->
  <testcase classname="tests.defect.OrderingCutoffStockDefectRetest" name="tc062CutoffStatusAfterCutoffPassed" time="0.025">
    <skipped/>
  </testcase> <!-- tc062CutoffStatusAfterCutoffPassed -->
  <testcase classname="tests.defect.OrderingCutoffStockDefectRetest" name="tc095OverStockCheckoutErrorVisibleInCardsFlow" time="0.180">
    <skipped/>
  </testcase> <!-- tc095OverStockCheckoutErrorVisibleInCardsFlow -->
  <testcase classname="tests.defect.OrderingCutoffStockDefectRetest" name="tc093EmployeeOrderBlockedWhenAdminClosesWindow" time="0.022">
    <skipped/>
  </testcase> <!-- tc093EmployeeOrderBlockedWhenAdminClosesWindow -->
  <testcase classname="tests.defect.OrderingCutoffStockDefectRetest" name="tc094CartPreventsQuantityHigherThanStock" time="0.026">
    <skipped/>
  </testcase> <!-- tc094CartPreventsQuantityHigherThanStock -->
  <testcase classname="tests.defect.OrderingCutoffStockDefectRetest" name="tc030CutoffBlocksOrderAfterCutoff" time="0.626">
    <skipped/>
  </testcase> <!-- tc030CutoffBlocksOrderAfterCutoff -->
</testsuite> <!-- tests.defect.OrderingCutoffStockDefectRetest -->
