<?xml version="1.0" encoding="UTF-8"?>
<!-- Generated by org.testng.reporters.JUnitReportReporter -->
<testsuite hostname="LTIN732928" failures="0" tests="6" name="tests.defect.AuthRbacDefectRetest" time="0.009" errors="0" timestamp="2026-06-28T23:40:56 IST" skipped="6">
  <testcase classname="tests.defect.AuthRbacDefectRetest" name="tc090PublicRegistrationDoesNotAllowAdminRole" time="0.001">
    <skipped/>
  </testcase> <!-- tc090PublicRegistrationDoesNotAllowAdminRole -->
  <testcase classname="tests.defect.AuthRbacDefectRetest" name="tc077AuthenticatedEmployeeCannotSeePublicLogin" time="0.001">
    <skipped/>
  </testcase> <!-- tc077AuthenticatedEmployeeCannotSeePublicLogin -->
  <testcase classname="tests.defect.AuthRbacDefectRetest" name="tc080LogoutAvailableFromWalletShell" time="0.002">
    <skipped/>
  </testcase> <!-- tc080LogoutAvailableFromWalletShell -->
  <testcase classname="tests.defect.AuthRbacDefectRetest" name="tc079VendorOrdersBackDoesNotExposeEmployeeMenu" time="0.001">
    <skipped/>
  </testcase> <!-- tc079VendorOrdersBackDoesNotExposeEmployeeMenu -->
  <testcase classname="tests.defect.AuthRbacDefectRetest" name="tc078VendorCannotBrowseEmployeeMenuRoute" time="0.003">
    <skipped/>
  </testcase> <!-- tc078VendorCannotBrowseEmployeeMenuRoute -->
  <testcase classname="tests.defect.AuthRbacDefectRetest" name="tc069NonEmployeeUsersBlockedFromEmployeeOnlyPages" time="0.001">
    <skipped/>
  </testcase> <!-- tc069NonEmployeeUsersBlockedFromEmployeeOnlyPages -->
</testsuite> <!-- tests.defect.AuthRbacDefectRetest -->
